Copyright 1986-2015 Xilinx, Inc. All Rights Reserved.
----------------------------------------------------------------------------------------------------------------
| Tool Version : Vivado v.2015.4 (lin64) Build 1412921 Wed Nov 18 09:44:32 MST 2015
| Date         : Thu Jul 14 20:17:46 2016
| Host         : ubuntu running 64-bit Ubuntu 14.04.4 LTS
| Command      : report_timing -file out/post_route_timing.rpt -sort_by group -max_paths 100 -path_type summary
| Design       : red_pitaya_top
| Device       : 7z010-clg400
| Speed File   : -1  PRODUCTION 1.11 2014-09-11
----------------------------------------------------------------------------------------------------------------

Timing Report

Startpoint                     Endpoint                       Slack(ns)     
----------------------------------------------------------------------------
i_dsp/genblk3[4].iir/a1_reg[9]/C
                               i_dsp/genblk3[4].iir/overflow_reg[0]/D
                                                              -5.337        
i_dsp/genblk5[7].iq_2_outputs/iqfilter[1]/genblk2[0].lpf/delta_reg[17]/C
                               i_dsp/genblk5[7].iq_2_outputs/modulator/secondproduct1/D[12]
                                                              -5.258        
i_dsp/genblk5[7].iq_2_outputs/iqfilter[1]/genblk2[0].lpf/delta_reg[17]/C
                               i_dsp/genblk5[7].iq_2_outputs/modulator/secondproduct1/D[10]
                                                              -5.202        
i_dsp/genblk5[7].iq_2_outputs/iqfilter[1]/genblk2[0].lpf/delta_reg[17]/C
                               i_dsp/genblk5[7].iq_2_outputs/modulator/secondproduct1/D[9]
                                                              -5.201        
i_dsp/genblk5[7].iq_2_outputs/iqfilter[1]/genblk2[0].lpf/delta_reg[17]/C
                               i_dsp/genblk5[7].iq_2_outputs/modulator/secondproduct1/D[11]
                                                              -5.200        
i_dsp/genblk3[4].iir/y0_reg[14]/C
                               i_dsp/genblk3[4].iir/overflow_reg[3]/D
                                                              -5.200        
i_dsp/genblk5[7].iq_2_outputs/iqfilter[1]/genblk2[0].lpf/delta_reg[17]/C
                               i_dsp/genblk5[7].iq_2_outputs/modulator/secondproduct1/D[8]
                                                              -5.190        
i_dsp/genblk3[4].iir/y0_reg[14]/C
                               i_dsp/genblk3[4].iir/p_by0_reg[24]/D
                                                              -5.188        
i_dsp/genblk3[4].iir/y0_reg[14]/C
                               i_dsp/genblk3[4].iir/p_by0_reg[18]/D
                                                              -5.116        
i_dsp/genblk5[7].iq_2_outputs/iqfilter[1]/genblk2[0].lpf/delta_reg[17]/C
                               i_dsp/genblk5[7].iq_2_outputs/modulator/secondproduct1/D[1]
                                                              -5.112        
i_dsp/genblk3[4].iir/y1b_reg[10]/C
                               i_dsp/genblk3[4].iir/overflow_reg[4]/D
                                                              -5.110        
i_dsp/genblk5[7].iq_2_outputs/iqfilter[1]/genblk2[0].lpf/delta_reg[17]/C
                               i_dsp/genblk5[7].iq_2_outputs/modulator/secondproduct1/D[3]
                                                              -5.087        
i_dsp/genblk5[7].iq_2_outputs/iqfilter[1]/genblk2[0].lpf/delta_reg[17]/C
                               i_dsp/genblk5[7].iq_2_outputs/modulator/secondproduct1/D[4]
                                                              -5.044        
i_dsp/genblk5[7].iq_2_outputs/iqfilter[1]/genblk2[0].lpf/delta_reg[17]/C
                               i_dsp/genblk5[7].iq_2_outputs/modulator/secondproduct1/D[5]
                                                              -5.028        
i_dsp/genblk5[7].iq_2_outputs/iqfilter[1]/genblk2[0].lpf/delta_reg[17]/C
                               i_dsp/genblk5[7].iq_2_outputs/modulator/secondproduct1/D[6]
                                                              -5.028        
i_dsp/genblk3[4].iir/a2_reg[6]/C
                               i_dsp/genblk3[4].iir/overflow_reg[1]/D
                                                              -5.019        
i_dsp/genblk3[4].iir/a1_reg[9]/C
                               i_dsp/genblk3[4].iir/p_ay1_reg[6]/D
                                                              -5.016        
i_dsp/genblk5[7].iq_2_outputs/iqfilter[1]/genblk2[0].lpf/delta_reg[17]/C
                               i_dsp/genblk5[7].iq_2_outputs/modulator/secondproduct1/D[7]
                                                              -5.005        
i_dsp/genblk5[7].iq_2_outputs/iqfilter[1]/genblk2[0].lpf/delta_reg[17]/C
                               i_dsp/genblk5[7].iq_2_outputs/modulator/secondproduct1/D[2]
                                                              -5.004        
i_dsp/genblk3[4].iir/y0_reg[14]/C
                               i_dsp/genblk3[4].iir/p_by0_reg[15]/D
                                                              -4.968        
i_dsp/genblk3[4].iir/y0_reg[14]/C
                               i_dsp/genblk3[4].iir/p_by0_reg[7]/D
                                                              -4.967        
i_dsp/genblk3[4].iir/a1_reg[9]/C
                               i_dsp/genblk3[4].iir/p_ay1_reg[25]/D
                                                              -4.966        
i_dsp/genblk3[4].iir/y0_reg[14]/C
                               i_dsp/genblk3[4].iir/p_by0_reg[30]/D
                                                              -4.964        
i_dsp/genblk3[4].iir/y0_reg[14]/C
                               i_dsp/genblk3[4].iir/p_by0_reg[6]/D
                                                              -4.951        
i_dsp/genblk3[4].iir/y0_reg[14]/C
                               i_dsp/genblk3[4].iir/p_by0_reg[35]/D
                                                              -4.949        
i_dsp/genblk3[4].iir/a1_reg[9]/C
                               i_dsp/genblk3[4].iir/p_ay1_reg[38]/D
                                                              -4.949        
i_dsp/genblk3[4].iir/a1_reg[9]/C
                               i_dsp/genblk3[4].iir/p_ay1_reg[4]/D
                                                              -4.938        
i_dsp/genblk3[4].iir/y0_reg[14]/C
                               i_dsp/genblk3[4].iir/p_by0_reg[12]/D
                                                              -4.932        
i_dsp/genblk3[4].iir/y0_reg[14]/C
                               i_dsp/genblk3[4].iir/p_by0_reg[29]/D
                                                              -4.932        
i_dsp/genblk3[4].iir/y0_reg[14]/C
                               i_dsp/genblk3[4].iir/p_by0_reg[1]/D
                                                              -4.928        
i_dsp/genblk3[4].iir/a1_reg[9]/C
                               i_dsp/genblk3[4].iir/p_ay1_reg[22]/D
                                                              -4.921        
i_dsp/genblk3[4].iir/y0_reg[14]/C
                               i_dsp/genblk3[4].iir/p_by0_reg[4]/D
                                                              -4.921        
i_dsp/genblk3[4].iir/y0_reg[14]/C
                               i_dsp/genblk3[4].iir/p_by0_reg[17]/D
                                                              -4.920        
i_dsp/genblk3[4].iir/y0_reg[14]/C
                               i_dsp/genblk3[4].iir/p_by0_reg[14]/D
                                                              -4.920        
i_dsp/genblk3[4].iir/a1_reg[9]/C
                               i_dsp/genblk3[4].iir/p_ay1_reg[3]/D
                                                              -4.919        
i_dsp/genblk3[4].iir/y0_reg[14]/C
                               i_dsp/genblk3[4].iir/p_by0_reg[26]/D
                                                              -4.915        
i_dsp/genblk3[4].iir/a1_reg[9]/C
                               i_dsp/genblk3[4].iir/p_ay1_reg[28]/D
                                                              -4.903        
i_dsp/genblk3[4].iir/y0_reg[14]/C
                               i_dsp/genblk3[4].iir/p_by0_reg[22]/D
                                                              -4.901        
i_dsp/genblk3[4].iir/y0_reg[14]/C
                               i_dsp/genblk3[4].iir/p_by0_reg[25]/D
                                                              -4.899        
i_dsp/genblk3[4].iir/y2a_reg[10]/C
                               i_dsp/genblk3[4].iir/p_ay2_reg[17]/D
                                                              -4.892        
i_dsp/genblk5[7].iq_2_outputs/iqfilter[1]/genblk2[0].lpf/delta_reg[17]/C
                               i_dsp/genblk5[7].iq_2_outputs/modulator/secondproduct1/D[0]
                                                              -4.892        
i_dsp/genblk3[4].iir/y0_reg[14]/C
                               i_dsp/genblk3[4].iir/p_by0_reg[21]/D
                                                              -4.887        
i_dsp/genblk3[4].iir/y0_reg[14]/C
                               i_dsp/genblk3[4].iir/p_by0_reg[33]/D
                                                              -4.867        
i_dsp/genblk3[4].iir/y0_reg[14]/C
                               i_dsp/genblk3[4].iir/p_by0_reg[2]/D
                                                              -4.857        
i_dsp/genblk3[4].iir/a1_reg[9]/C
                               i_dsp/genblk3[4].iir/p_ay1_reg[24]/D
                                                              -4.856        
i_dsp/genblk3[4].iir/a1_reg[9]/C
                               i_dsp/genblk3[4].iir/p_ay1_reg[30]/D
                                                              -4.853        
i_dsp/genblk3[4].iir/a1_reg[9]/C
                               i_dsp/genblk3[4].iir/p_ay1_reg[5]/D
                                                              -4.846        
i_dsp/genblk3[4].iir/y0_reg[14]/C
                               i_dsp/genblk3[4].iir/p_by0_reg[5]/D
                                                              -4.844        
i_dsp/genblk3[4].iir/y0_reg[14]/C
                               i_dsp/genblk3[4].iir/p_by0_reg[23]/D
                                                              -4.840        
i_dsp/genblk3[4].iir/y0_reg[14]/C
                               i_dsp/genblk3[4].iir/p_by0_reg[0]/D
                                                              -4.840        
i_dsp/genblk3[4].iir/a1_reg[9]/C
                               i_dsp/genblk3[4].iir/p_ay1_reg[7]/D
                                                              -4.831        
i_dsp/genblk3[4].iir/a1_reg[9]/C
                               i_dsp/genblk3[4].iir/p_ay1_reg[23]/D
                                                              -4.831        
i_dsp/genblk3[4].iir/y0_reg[14]/C
                               i_dsp/genblk3[4].iir/p_by0_reg[20]/D
                                                              -4.821        
i_dsp/genblk3[4].iir/a1_reg[9]/C
                               i_dsp/genblk3[4].iir/p_ay1_reg[35]/D
                                                              -4.821        
i_dsp/genblk3[4].iir/y0_reg[14]/C
                               i_dsp/genblk3[4].iir/p_by0_reg[38]/D
                                                              -4.821        
i_dsp/genblk3[4].iir/a1_reg[9]/C
                               i_dsp/genblk3[4].iir/p_ay1_reg[14]/D
                                                              -4.817        
i_dsp/genblk3[4].iir/y1b_reg[10]/C
                               i_dsp/genblk3[4].iir/p_by1_reg[35]/D
                                                              -4.815        
i_dsp/genblk3[4].iir/a1_reg[9]/C
                               i_dsp/genblk3[4].iir/p_ay1_reg[36]/D
                                                              -4.798        
i_dsp/genblk3[4].iir/a1_reg[9]/C
                               i_dsp/genblk3[4].iir/p_ay1_reg[9]/D
                                                              -4.796        
i_dsp/genblk3[4].iir/y0_reg[14]/C
                               i_dsp/genblk3[4].iir/p_by0_reg[34]/D
                                                              -4.796        
i_dsp/genblk3[4].iir/y0_reg[14]/C
                               i_dsp/genblk3[4].iir/p_by0_reg[9]/D
                                                              -4.795        
i_dsp/genblk3[4].iir/a1_reg[9]/C
                               i_dsp/genblk3[4].iir/p_ay1_reg[27]/D
                                                              -4.793        
i_dsp/genblk3[4].iir/y0_reg[14]/C
                               i_dsp/genblk3[4].iir/p_by0_reg[16]/D
                                                              -4.792        
i_dsp/genblk3[4].iir/a1_reg[9]/C
                               i_dsp/genblk3[4].iir/p_ay1_reg[34]/D
                                                              -4.789        
i_dsp/genblk3[4].iir/y1b_reg[10]/C
                               i_dsp/genblk3[4].iir/p_by1_reg[6]/D
                                                              -4.789        
i_dsp/genblk3[4].iir/y2a_reg[10]/C
                               i_dsp/genblk3[4].iir/p_ay2_reg[36]/D
                                                              -4.788        
i_dsp/genblk3[4].iir/y0_reg[14]/C
                               i_dsp/genblk3[4].iir/p_by0_reg[37]/D
                                                              -4.783        
i_dsp/genblk3[4].iir/a1_reg[9]/C
                               i_dsp/genblk3[4].iir/p_ay1_reg[31]/D
                                                              -4.783        
i_dsp/genblk3[4].iir/y0_reg[14]/C
                               i_dsp/genblk3[4].iir/p_by0_reg[32]/D
                                                              -4.777        
i_dsp/genblk3[4].iir/a2_reg[6]/C
                               i_dsp/genblk3[4].iir/p_ay2_reg[7]/D
                                                              -4.777        
i_dsp/genblk3[4].iir/y2a_reg[10]/C
                               i_dsp/genblk3[4].iir/p_ay2_reg[33]/D
                                                              -4.776        
i_dsp/genblk3[4].iir/a1_reg[9]/C
                               i_dsp/genblk3[4].iir/p_ay1_reg[2]/D
                                                              -4.776        
i_dsp/genblk3[4].iir/y0_reg[14]/C
                               i_dsp/genblk3[4].iir/p_by0_reg[27]/D
                                                              -4.773        
i_dsp/genblk3[4].iir/a1_reg[9]/C
                               i_dsp/genblk3[4].iir/p_ay1_reg[0]/D
                                                              -4.772        
i_dsp/genblk3[4].iir/a1_reg[9]/C
                               i_dsp/genblk3[4].iir/p_ay1_reg[37]/D
                                                              -4.772        
i_dsp/genblk3[4].iir/y1b_reg[6]/C
                               i_dsp/genblk3[4].iir/p_by1_reg[19]/D
                                                              -4.769        
i_dsp/genblk3[4].iir/y1b_reg[10]/C
                               i_dsp/genblk3[4].iir/p_by1_reg[22]/D
                                                              -4.766        
i_dsp/genblk3[4].iir/y0_reg[14]/C
                               i_dsp/genblk3[4].iir/p_by0_reg[13]/D
                                                              -4.766        
i_dsp/genblk3[4].iir/y1b_reg[10]/C
                               i_dsp/genblk3[4].iir/p_by1_reg[17]/D
                                                              -4.763        
i_dsp/genblk3[4].iir/a1_reg[9]/C
                               i_dsp/genblk3[4].iir/p_ay1_reg[8]/D
                                                              -4.763        
i_dsp/genblk3[4].iir/y0_reg[14]/C
                               i_dsp/genblk3[4].iir/p_by0_reg[28]/D
                                                              -4.761        
i_dsp/genblk3[4].iir/y0_reg[14]/C
                               i_dsp/genblk3[4].iir/p_by0_reg[31]/D
                                                              -4.760        
i_dsp/genblk3[4].iir/a2_reg[6]/C
                               i_dsp/genblk3[4].iir/p_ay2_reg[31]/D
                                                              -4.759        
i_dsp/genblk3[4].iir/y0_reg[14]/C
                               i_dsp/genblk3[4].iir/p_by0_reg[36]/D
                                                              -4.758        
i_dsp/genblk3[4].iir/y0_reg[14]/C
                               i_dsp/genblk3[4].iir/p_by0_reg[3]/D
                                                              -4.758        
i_dsp/genblk3[4].iir/a2_reg[6]/C
                               i_dsp/genblk3[4].iir/p_ay2_reg[28]/D
                                                              -4.745        
i_dsp/genblk3[4].iir/y0_reg[14]/C
                               i_dsp/genblk3[4].iir/p_by0_reg[8]/D
                                                              -4.744        
i_dsp/genblk3[4].iir/a1_reg[9]/C
                               i_dsp/genblk3[4].iir/p_ay1_reg[20]/D
                                                              -4.744        
i_dsp/genblk3[4].iir/a2_reg[6]/C
                               i_dsp/genblk3[4].iir/p_ay2_reg[8]/D
                                                              -4.742        
i_dsp/genblk3[4].iir/y2a_reg[10]/C
                               i_dsp/genblk3[4].iir/p_ay2_reg[23]/D
                                                              -4.741        
i_dsp/genblk3[4].iir/y1b_reg[10]/C
                               i_dsp/genblk3[4].iir/p_by1_reg[9]/D
                                                              -4.740        
i_dsp/genblk3[4].iir/y0_reg[14]/C
                               i_dsp/genblk3[4].iir/p_by0_reg[19]/D
                                                              -4.738        
i_dsp/genblk3[4].iir/y1b_reg[10]/C
                               i_dsp/genblk3[4].iir/p_by1_reg[34]/D
                                                              -4.736        
i_dsp/genblk3[4].iir/y0_reg[14]/C
                               i_dsp/genblk3[4].iir/p_by0_reg[11]/D
                                                              -4.734        
i_dsp/genblk3[4].iir/y0_reg[14]/C
                               i_dsp/genblk3[4].iir/p_by0_reg[10]/D
                                                              -4.733        
i_dsp/genblk3[4].iir/a1_reg[9]/C
                               i_dsp/genblk3[4].iir/p_ay1_reg[19]/D
                                                              -4.732        
i_dsp/genblk3[4].iir/a1_reg[9]/C
                               i_dsp/genblk3[4].iir/p_ay1_reg[21]/D
                                                              -4.730        
i_dsp/genblk3[4].iir/y1b_reg[10]/C
                               i_dsp/genblk3[4].iir/p_by1_reg[7]/D
                                                              -4.728        
i_dsp/genblk3[4].iir/a1_reg[9]/C
                               i_dsp/genblk3[4].iir/p_ay1_reg[26]/D
                                                              -4.727        
i_dsp/genblk3[4].iir/a1_reg[9]/C
                               i_dsp/genblk3[4].iir/p_ay1_reg[29]/D
                                                              -4.724        
i_ps/system_i/system_i/xadc/inst/INTR_CTRLR_GEN_I.ip2bus_wrack_reg/C
                               i_ps/system_i/system_i/axi_protocol_converter_0/inst/gen_axilite.gen_b2s_conv.axilite_b2s/WR.aw_channel_0/cmd_translator_0/incr_cmd_0/axaddr_incr_reg[11]/D
                                                              -1.615        
i_ps/system_i/system_i/xadc/inst/INTR_CTRLR_GEN_I.ip2bus_rdack_reg/C
                               i_ps/system_i/system_i/axi_protocol_converter_0/inst/gen_axilite.gen_b2s_conv.axilite_b2s/RD.ar_channel_0/cmd_translator_0/incr_cmd_0/axaddr_incr_reg[11]/D
                                                              -1.284        
i_ps/system_i/system_i/axi_protocol_converter_0/inst/gen_axilite.gen_b2s_conv.axilite_b2s/WR.aw_channel_0/aw_cmd_fsm_0/state_reg[0]/C
                               i_ps/system_i/system_i/axi_protocol_converter_0/inst/gen_axilite.gen_b2s_conv.axilite_b2s/WR.aw_channel_0/cmd_translator_0/wrap_cmd_0/wrap_second_len_r_reg[0]/D
                                                              -1.141        
i_ps/system_i/system_i/axi_protocol_converter_0/inst/gen_axilite.gen_b2s_conv.axilite_b2s/SI_REG/ar_pipe/m_payload_i_reg[3]/C
                               i_ps/system_i/system_i/xadc/inst/AXI_XADC_CORE_I/XADC_INST/DADDR[1]
                                                              -1.062        
i_ps/system_i/system_i/xadc/inst/INTR_CTRLR_GEN_I.ip2bus_wrack_reg/C
                               i_ps/system_i/system_i/axi_protocol_converter_0/inst/gen_axilite.gen_b2s_conv.axilite_b2s/WR.aw_channel_0/cmd_translator_0/incr_cmd_0/axaddr_incr_reg[9]/D
                                                              -0.864        
i_ps/system_i/system_i/axi_protocol_converter_0/inst/gen_axilite.gen_b2s_conv.axilite_b2s/SI_REG/ar_pipe/m_payload_i_reg[7]/C
                               i_ps/system_i/system_i/xadc/inst/AXI_XADC_CORE_I/XADC_INST/DADDR[5]
                                                              -0.826        
i_ps/system_i/system_i/axi_protocol_converter_0/inst/gen_axilite.gen_b2s_conv.axilite_b2s/RD.ar_channel_0/cmd_translator_0/wrap_cmd_0/axaddr_wrap_reg[8]/C
                               i_ps/system_i/system_i/xadc/inst/AXI_XADC_CORE_I/XADC_INST/DADDR[6]
                                                              -0.794        
i_ps/system_i/system_i/xadc/inst/INTR_CTRLR_GEN_I.ip2bus_wrack_reg/C
                               i_ps/system_i/system_i/axi_protocol_converter_0/inst/gen_axilite.gen_b2s_conv.axilite_b2s/WR.aw_channel_0/cmd_translator_0/incr_cmd_0/axaddr_incr_reg[10]/D
                                                              -0.769        
i_ps/system_i/system_i/xadc/inst/INTR_CTRLR_GEN_I.ip2bus_wrack_reg/C
                               i_ps/system_i/system_i/axi_protocol_converter_0/inst/gen_axilite.gen_b2s_conv.axilite_b2s/WR.aw_channel_0/cmd_translator_0/incr_cmd_0/axaddr_incr_reg[8]/D
                                                              -0.753        
i_ps/system_i/system_i/axi_protocol_converter_0/inst/gen_axilite.gen_b2s_conv.axilite_b2s/RD.ar_channel_0/cmd_translator_0/wrap_cmd_0/sel_first_reg/C
                               i_ps/system_i/system_i/xadc/inst/AXI_XADC_CORE_I/XADC_INST/DADDR[2]
                                                              -0.743        
i_ps/system_i/system_i/axi_protocol_converter_0/inst/gen_axilite.gen_b2s_conv.axilite_b2s/SI_REG/aw_pipe/m_payload_i_reg[2]/C
                               i_ps/system_i/system_i/xadc/inst/AXI_XADC_CORE_I/XADC_INST/DADDR[0]
                                                              -0.717        
i_ps/system_i/system_i/xadc/inst/INTR_CTRLR_GEN_I.ip2bus_wrack_reg/C
                               i_ps/system_i/system_i/axi_protocol_converter_0/inst/gen_axilite.gen_b2s_conv.axilite_b2s/WR.aw_channel_0/cmd_translator_0/incr_cmd_0/axaddr_incr_reg[5]/D
                                                              -0.707        
i_ps/system_i/system_i/xadc/inst/INTR_CTRLR_GEN_I.ip2bus_wrack_reg/C
                               i_ps/system_i/system_i/axi_protocol_converter_0/inst/gen_axilite.gen_b2s_conv.axilite_b2s/WR.aw_channel_0/cmd_translator_0/incr_cmd_0/axaddr_incr_reg[7]/D
                                                              -0.686        
i_ps/system_i/system_i/xadc/inst/INTR_CTRLR_GEN_I.ip2bus_wrack_reg/C
                               i_ps/system_i/system_i/axi_protocol_converter_0/inst/gen_axilite.gen_b2s_conv.axilite_b2s/WR.aw_channel_0/cmd_translator_0/incr_cmd_0/axlen_cnt_reg[3]/CE
                                                              -0.682        
i_ps/system_i/system_i/xadc/inst/INTR_CTRLR_GEN_I.ip2bus_wrack_reg/C
                               i_ps/system_i/system_i/axi_protocol_converter_0/inst/gen_axilite.gen_b2s_conv.axilite_b2s/WR.aw_channel_0/cmd_translator_0/incr_cmd_0/axlen_cnt_reg[4]/CE
                                                              -0.682        
i_ps/system_i/system_i/xadc/inst/INTR_CTRLR_GEN_I.ip2bus_wrack_reg/C
                               i_ps/system_i/system_i/axi_protocol_converter_0/inst/gen_axilite.gen_b2s_conv.axilite_b2s/WR.aw_channel_0/cmd_translator_0/incr_cmd_0/axlen_cnt_reg[7]/CE
                                                              -0.682        
i_ps/system_i/system_i/axi_protocol_converter_0/inst/gen_axilite.gen_b2s_conv.axilite_b2s/RD.ar_channel_0/ar_cmd_fsm_0/state_reg[0]/C
                               i_ps/system_i/system_i/axi_protocol_converter_0/inst/gen_axilite.gen_b2s_conv.axilite_b2s/RD.ar_channel_0/cmd_translator_0/wrap_cmd_0/wrap_second_len_r_reg[0]/D
                                                              -0.673        
i_ps/system_i/system_i/processing_system7/inst/PS7_i/MAXIGP1ACLK
                               i_ps/system_i/system_i/xadc/inst/INTR_CTRLR_GEN_I.ip2bus_wrack_reg/D
                                                              -0.660        
i_ps/system_i/system_i/xadc/inst/INTR_CTRLR_GEN_I.ip2bus_rdack_reg/C
                               i_ps/system_i/system_i/axi_protocol_converter_0/inst/gen_axilite.gen_b2s_conv.axilite_b2s/RD.ar_channel_0/cmd_translator_0/incr_cmd_0/axaddr_incr_reg[9]/D
                                                              -0.642        
i_ps/system_i/system_i/xadc/inst/INTR_CTRLR_GEN_I.ip2bus_wrack_reg/C
                               i_ps/system_i/system_i/axi_protocol_converter_0/inst/gen_axilite.gen_b2s_conv.axilite_b2s/WR.aw_channel_0/cmd_translator_0/incr_cmd_0/axlen_cnt_reg[0]/CE
                                                              -0.626        
i_ps/system_i/system_i/xadc/inst/INTR_CTRLR_GEN_I.ip2bus_wrack_reg/C
                               i_ps/system_i/system_i/axi_protocol_converter_0/inst/gen_axilite.gen_b2s_conv.axilite_b2s/WR.aw_channel_0/cmd_translator_0/incr_cmd_0/axaddr_incr_reg[6]/D
                                                              -0.612        
i_ps/system_i/system_i/xadc/inst/INTR_CTRLR_GEN_I.ip2bus_wrack_reg/C
                               i_ps/system_i/system_i/axi_protocol_converter_0/inst/gen_axilite.gen_b2s_conv.axilite_b2s/WR.aw_channel_0/cmd_translator_0/incr_cmd_0/axaddr_incr_reg[4]/D
                                                              -0.596        
i_ps/system_i/system_i/xadc/inst/INTR_CTRLR_GEN_I.ip2bus_wrack_reg/C
                               i_ps/system_i/system_i/axi_protocol_converter_0/inst/gen_axilite.gen_b2s_conv.axilite_b2s/WR.aw_channel_0/cmd_translator_0/incr_cmd_0/axaddr_incr_reg[10]/CE
                                                              -0.565        
i_ps/system_i/system_i/xadc/inst/INTR_CTRLR_GEN_I.ip2bus_wrack_reg/C
                               i_ps/system_i/system_i/axi_protocol_converter_0/inst/gen_axilite.gen_b2s_conv.axilite_b2s/WR.aw_channel_0/cmd_translator_0/incr_cmd_0/axaddr_incr_reg[8]/CE
                                                              -0.565        
i_ps/system_i/system_i/xadc/inst/INTR_CTRLR_GEN_I.ip2bus_wrack_reg/C
                               i_ps/system_i/system_i/axi_protocol_converter_0/inst/gen_axilite.gen_b2s_conv.axilite_b2s/WR.aw_channel_0/cmd_translator_0/incr_cmd_0/axaddr_incr_reg[9]/CE
                                                              -0.565        
i_ps/system_i/system_i/axi_protocol_converter_0/inst/gen_axilite.gen_b2s_conv.axilite_b2s/RD.ar_channel_0/cmd_translator_0/wrap_cmd_0/axaddr_wrap_reg[6]/C
                               i_ps/system_i/system_i/xadc/inst/AXI_XADC_CORE_I/XADC_INST/DADDR[4]
                                                              -0.563        
i_ps/system_i/system_i/xadc/inst/INTR_CTRLR_GEN_I.ip2bus_wrack_reg/C
                               i_ps/system_i/system_i/axi_protocol_converter_0/inst/gen_axilite.gen_b2s_conv.axilite_b2s/WR.aw_channel_0/cmd_translator_0/incr_cmd_0/axaddr_incr_reg[0]/CE
                                                              -0.563        
i_ps/system_i/system_i/xadc/inst/INTR_CTRLR_GEN_I.ip2bus_wrack_reg/C
                               i_ps/system_i/system_i/axi_protocol_converter_0/inst/gen_axilite.gen_b2s_conv.axilite_b2s/WR.aw_channel_0/cmd_translator_0/incr_cmd_0/axaddr_incr_reg[1]/CE
                                                              -0.563        
i_ps/system_i/system_i/xadc/inst/INTR_CTRLR_GEN_I.ip2bus_wrack_reg/C
                               i_ps/system_i/system_i/axi_protocol_converter_0/inst/gen_axilite.gen_b2s_conv.axilite_b2s/WR.aw_channel_0/cmd_translator_0/incr_cmd_0/axaddr_incr_reg[2]/CE
                                                              -0.563        
i_ps/system_i/system_i/xadc/inst/INTR_CTRLR_GEN_I.ip2bus_wrack_reg/C
                               i_ps/system_i/system_i/axi_protocol_converter_0/inst/gen_axilite.gen_b2s_conv.axilite_b2s/WR.aw_channel_0/cmd_translator_0/incr_cmd_0/axaddr_incr_reg[3]/CE
                                                              -0.563        
i_ps/system_i/system_i/xadc/inst/INTR_CTRLR_GEN_I.ip2bus_rdack_reg/C
                               i_ps/system_i/system_i/axi_protocol_converter_0/inst/gen_axilite.gen_b2s_conv.axilite_b2s/RD.ar_channel_0/cmd_translator_0/incr_cmd_0/axaddr_incr_reg[10]/D
                                                              -0.547        
i_ps/system_i/system_i/xadc/inst/INTR_CTRLR_GEN_I.ip2bus_wrack_reg/C
                               i_ps/system_i/system_i/axi_protocol_converter_0/inst/gen_axilite.gen_b2s_conv.axilite_b2s/WR.aw_channel_0/cmd_translator_0/incr_cmd_0/axlen_cnt_reg[5]/CE
                                                              -0.540        
i_ps/system_i/system_i/xadc/inst/INTR_CTRLR_GEN_I.ip2bus_wrack_reg/C
                               i_ps/system_i/system_i/axi_protocol_converter_0/inst/gen_axilite.gen_b2s_conv.axilite_b2s/WR.aw_channel_0/cmd_translator_0/incr_cmd_0/axlen_cnt_reg[6]/CE
                                                              -0.540        
i_ps/system_i/system_i/xadc/inst/INTR_CTRLR_GEN_I.ip2bus_rdack_reg/C
                               i_ps/system_i/system_i/axi_protocol_converter_0/inst/gen_axilite.gen_b2s_conv.axilite_b2s/RD.ar_channel_0/cmd_translator_0/incr_cmd_0/axaddr_incr_reg[8]/D
                                                              -0.531        
i_ps/system_i/system_i/xadc/inst/INTR_CTRLR_GEN_I.ip2bus_wrack_reg/C
                               i_ps/system_i/system_i/axi_protocol_converter_0/inst/gen_axilite.gen_b2s_conv.axilite_b2s/WR.aw_channel_0/cmd_translator_0/incr_cmd_0/axlen_cnt_reg[1]/CE
                                                              -0.508        
i_ps/system_i/system_i/xadc/inst/INTR_CTRLR_GEN_I.ip2bus_wrack_reg/C
                               i_ps/system_i/system_i/axi_protocol_converter_0/inst/gen_axilite.gen_b2s_conv.axilite_b2s/WR.aw_channel_0/cmd_translator_0/incr_cmd_0/axlen_cnt_reg[2]/CE
                                                              -0.508        
i_ps/system_i/system_i/xadc/inst/INTR_CTRLR_GEN_I.ip2bus_rdack_reg/C
                               i_ps/system_i/system_i/axi_protocol_converter_0/inst/gen_axilite.gen_b2s_conv.axilite_b2s/RD.ar_channel_0/cmd_translator_0/incr_cmd_0/axaddr_incr_reg[5]/D
                                                              -0.502        
pwm[0]/vcnt_r_reg[1]/C         pwm[0]/pwm_o_reg/D             -0.499        
i_ps/system_i/system_i/axi_protocol_converter_0/inst/gen_axilite.gen_b2s_conv.axilite_b2s/WR.aw_channel_0/aw_cmd_fsm_0/state_reg[0]/C
                               i_ps/system_i/system_i/axi_protocol_converter_0/inst/gen_axilite.gen_b2s_conv.axilite_b2s/WR.aw_channel_0/cmd_translator_0/wrap_cmd_0/wrap_cnt_r_reg[2]/D
                                                              -0.483        
i_ps/system_i/system_i/xadc/inst/INTR_CTRLR_GEN_I.ip2bus_rdack_reg/C
                               i_ps/system_i/system_i/axi_protocol_converter_0/inst/gen_axilite.gen_b2s_conv.axilite_b2s/RD.ar_channel_0/cmd_translator_0/incr_cmd_0/axaddr_incr_reg[7]/D
                                                              -0.481        
i_ps/system_i/system_i/axi_protocol_converter_0/inst/gen_axilite.gen_b2s_conv.axilite_b2s/WR.aw_channel_0/aw_cmd_fsm_0/state_reg[0]/C
                               i_ps/system_i/system_i/axi_protocol_converter_0/inst/gen_axilite.gen_b2s_conv.axilite_b2s/WR.aw_channel_0/cmd_translator_0/wrap_cmd_0/wrap_cnt_r_reg[3]/D
                                                              -0.472        
i_ps/system_i/system_i/axi_protocol_converter_0/inst/gen_axilite.gen_b2s_conv.axilite_b2s/RD.r_channel_0/transaction_fifo_0/cnt_read_reg[1]_rep__0/C
                               i_ps/system_i/system_i/axi_protocol_converter_0/inst/gen_axilite.gen_b2s_conv.axilite_b2s/RD.ar_channel_0/cmd_translator_0/s_axburst_eq0_reg/CE
                                                              -0.442        
i_ps/system_i/system_i/axi_protocol_converter_0/inst/gen_axilite.gen_b2s_conv.axilite_b2s/RD.r_channel_0/transaction_fifo_0/cnt_read_reg[1]_rep__0/C
                               i_ps/system_i/system_i/axi_protocol_converter_0/inst/gen_axilite.gen_b2s_conv.axilite_b2s/RD.ar_channel_0/cmd_translator_0/s_axburst_eq1_reg/CE
                                                              -0.442        
i_ps/system_i/system_i/axi_protocol_converter_0/inst/gen_axilite.gen_b2s_conv.axilite_b2s/RD.r_channel_0/transaction_fifo_0/cnt_read_reg[1]_rep__0/C
                               i_ps/system_i/system_i/axi_protocol_converter_0/inst/gen_axilite.gen_b2s_conv.axilite_b2s/RD.ar_channel_0/s_arid_r_reg[0]/CE
                                                              -0.442        
i_ps/system_i/system_i/axi_protocol_converter_0/inst/gen_axilite.gen_b2s_conv.axilite_b2s/RD.r_channel_0/transaction_fifo_0/cnt_read_reg[1]_rep__0/C
                               i_ps/system_i/system_i/axi_protocol_converter_0/inst/gen_axilite.gen_b2s_conv.axilite_b2s/RD.ar_channel_0/s_arid_r_reg[4]/CE
                                                              -0.442        
i_ps/system_i/system_i/axi_protocol_converter_0/inst/gen_axilite.gen_b2s_conv.axilite_b2s/RD.r_channel_0/transaction_fifo_0/cnt_read_reg[1]_rep__0/C
                               i_ps/system_i/system_i/axi_protocol_converter_0/inst/gen_axilite.gen_b2s_conv.axilite_b2s/RD.ar_channel_0/s_arid_r_reg[5]/CE
                                                              -0.442        
i_ps/system_i/system_i/axi_protocol_converter_0/inst/gen_axilite.gen_b2s_conv.axilite_b2s/RD.r_channel_0/transaction_fifo_0/cnt_read_reg[1]_rep__0/C
                               i_ps/system_i/system_i/axi_protocol_converter_0/inst/gen_axilite.gen_b2s_conv.axilite_b2s/RD.ar_channel_0/s_arid_r_reg[8]/CE
                                                              -0.442        
i_ps/system_i/system_i/xadc/inst/INTR_CTRLR_GEN_I.ip2bus_wrack_reg/C
                               i_ps/system_i/system_i/axi_protocol_converter_0/inst/gen_axilite.gen_b2s_conv.axilite_b2s/WR.aw_channel_0/cmd_translator_0/incr_cmd_0/axaddr_incr_reg[4]/CE
                                                              -0.423        
i_ps/system_i/system_i/xadc/inst/INTR_CTRLR_GEN_I.ip2bus_wrack_reg/C
                               i_ps/system_i/system_i/axi_protocol_converter_0/inst/gen_axilite.gen_b2s_conv.axilite_b2s/WR.aw_channel_0/cmd_translator_0/incr_cmd_0/axaddr_incr_reg[5]/CE
                                                              -0.423        
i_ps/system_i/system_i/xadc/inst/INTR_CTRLR_GEN_I.ip2bus_wrack_reg/C
                               i_ps/system_i/system_i/axi_protocol_converter_0/inst/gen_axilite.gen_b2s_conv.axilite_b2s/WR.aw_channel_0/cmd_translator_0/incr_cmd_0/axaddr_incr_reg[6]/CE
                                                              -0.423        
i_ps/system_i/system_i/xadc/inst/INTR_CTRLR_GEN_I.ip2bus_wrack_reg/C
                               i_ps/system_i/system_i/axi_protocol_converter_0/inst/gen_axilite.gen_b2s_conv.axilite_b2s/WR.aw_channel_0/cmd_translator_0/incr_cmd_0/axaddr_incr_reg[7]/CE
                                                              -0.423        
i_ps/system_i/system_i/axi_protocol_converter_0/inst/gen_axilite.gen_b2s_conv.axilite_b2s/RD.r_channel_0/rd_data_fifo_0/cnt_read_reg[4]_rep__2/C
                               i_ps/system_i/system_i/xadc/inst/INTR_CTRLR_GEN_I.ip2bus_data_int_reg[23]/CE
                                                              -0.419        
i_ps/system_i/system_i/axi_protocol_converter_0/inst/gen_axilite.gen_b2s_conv.axilite_b2s/RD.r_channel_0/rd_data_fifo_0/cnt_read_reg[4]_rep__2/C
                               i_ps/system_i/system_i/xadc/inst/INTR_CTRLR_GEN_I.ip2bus_data_int_reg[24]/CE
                                                              -0.419        
i_ps/system_i/system_i/axi_protocol_converter_0/inst/gen_axilite.gen_b2s_conv.axilite_b2s/RD.r_channel_0/rd_data_fifo_0/cnt_read_reg[4]_rep__2/C
                               i_ps/system_i/system_i/xadc/inst/INTR_CTRLR_GEN_I.ip2bus_data_int_reg[25]/CE
                                                              -0.419        
i_ps/system_i/system_i/axi_protocol_converter_0/inst/gen_axilite.gen_b2s_conv.axilite_b2s/RD.r_channel_0/rd_data_fifo_0/cnt_read_reg[4]_rep__2/C
                               i_ps/system_i/system_i/xadc/inst/INTR_CTRLR_GEN_I.ip2bus_data_int_reg[28]/CE
                                                              -0.419        
i_ps/system_i/system_i/axi_protocol_converter_0/inst/gen_axilite.gen_b2s_conv.axilite_b2s/RD.r_channel_0/rd_data_fifo_0/cnt_read_reg[4]_rep__2/C
                               i_ps/system_i/system_i/xadc/inst/INTR_CTRLR_GEN_I.ip2bus_data_int_reg[21]/CE
                                                              -0.419        
i_ps/system_i/system_i/axi_protocol_converter_0/inst/gen_axilite.gen_b2s_conv.axilite_b2s/RD.r_channel_0/rd_data_fifo_0/cnt_read_reg[4]_rep__2/C
                               i_ps/system_i/system_i/xadc/inst/INTR_CTRLR_GEN_I.ip2bus_data_int_reg[30]/CE
                                                              -0.419        
i_ps/system_i/system_i/axi_protocol_converter_0/inst/gen_axilite.gen_b2s_conv.axilite_b2s/RD.r_channel_0/rd_data_fifo_0/cnt_read_reg[4]_rep__2/C
                               i_ps/system_i/system_i/xadc/inst/INTR_CTRLR_GEN_I.ip2bus_data_int_reg[31]/CE
                                                              -0.419        
i_ps/system_i/system_i/xadc/inst/INTR_CTRLR_GEN_I.ip2bus_rdack_reg/C
                               i_ps/system_i/system_i/axi_protocol_converter_0/inst/gen_axilite.gen_b2s_conv.axilite_b2s/RD.ar_channel_0/cmd_translator_0/incr_cmd_0/axaddr_incr_reg[6]/D
                                                              -0.407        
i_ps/system_i/system_i/axi_protocol_converter_0/inst/gen_axilite.gen_b2s_conv.axilite_b2s/RD.ar_channel_0/cmd_translator_0/wrap_cmd_0/axaddr_wrap_reg[8]/C
                               i_ps/system_i/system_i/xadc/inst/AXI_LITE_IPIF_I/I_SLAVE_ATTACHMENT/I_DECODER/GEN_BKEND_CE_REGISTERS[16].ce_out_i_reg[16]/D
                                                              -0.402        
i_ps/system_i/system_i/axi_protocol_converter_0/inst/gen_axilite.gen_b2s_conv.axilite_b2s/RD.ar_channel_0/cmd_translator_0/wrap_cmd_0/axaddr_wrap_reg[8]/C
                               i_ps/system_i/system_i/xadc/inst/AXI_LITE_IPIF_I/I_SLAVE_ATTACHMENT/I_DECODER/GEN_BKEND_CE_REGISTERS[22].ce_out_i_reg[22]/D
                                                              -0.397        
i_ps/system_i/system_i/axi_protocol_converter_0/inst/gen_axilite.gen_b2s_conv.axilite_b2s/RD.r_channel_0/transaction_fifo_0/cnt_read_reg[1]_rep__0/C
                               i_ps/system_i/system_i/axi_protocol_converter_0/inst/gen_axilite.gen_b2s_conv.axilite_b2s/RD.ar_channel_0/cmd_translator_0/wrap_cmd_0/wrap_cnt_r_reg[0]/CE
                                                              -0.397        
i_ps/system_i/system_i/axi_protocol_converter_0/inst/gen_axilite.gen_b2s_conv.axilite_b2s/RD.r_channel_0/transaction_fifo_0/cnt_read_reg[1]_rep__0/C
                               i_ps/system_i/system_i/axi_protocol_converter_0/inst/gen_axilite.gen_b2s_conv.axilite_b2s/RD.ar_channel_0/cmd_translator_0/wrap_cmd_0/wrap_cnt_r_reg[1]/CE
                                                              -0.397        
i_ps/system_i/system_i/axi_protocol_converter_0/inst/gen_axilite.gen_b2s_conv.axilite_b2s/RD.r_channel_0/transaction_fifo_0/cnt_read_reg[1]_rep__0/C
                               i_ps/system_i/system_i/axi_protocol_converter_0/inst/gen_axilite.gen_b2s_conv.axilite_b2s/RD.ar_channel_0/cmd_translator_0/wrap_cmd_0/wrap_cnt_r_reg[2]/CE
                                                              -0.397        
i_ps/system_i/system_i/axi_protocol_converter_0/inst/gen_axilite.gen_b2s_conv.axilite_b2s/RD.r_channel_0/transaction_fifo_0/cnt_read_reg[1]_rep__0/C
                               i_ps/system_i/system_i/axi_protocol_converter_0/inst/gen_axilite.gen_b2s_conv.axilite_b2s/RD.ar_channel_0/cmd_translator_0/wrap_cmd_0/wrap_cnt_r_reg[3]/CE
                                                              -0.397        
i_ps/system_i/system_i/xadc/inst/INTR_CTRLR_GEN_I.ip2bus_rdack_reg/C
                               i_ps/system_i/system_i/axi_protocol_converter_0/inst/gen_axilite.gen_b2s_conv.axilite_b2s/RD.ar_channel_0/cmd_translator_0/incr_cmd_0/axaddr_incr_reg[4]/D
                                                              -0.391        
i_ps/system_i/system_i/axi_protocol_converter_0/inst/gen_axilite.gen_b2s_conv.axilite_b2s/WR.aw_channel_0/aw_cmd_fsm_0/state_reg[0]/C
                               i_ps/system_i/system_i/axi_protocol_converter_0/inst/gen_axilite.gen_b2s_conv.axilite_b2s/WR.aw_channel_0/cmd_translator_0/wrap_cmd_0/wrap_cnt_r_reg[0]/D
                                                              -0.388        
i_ps/system_i/system_i/axi_protocol_converter_0/inst/gen_axilite.gen_b2s_conv.axilite_b2s/RD.ar_channel_0/cmd_translator_0/wrap_cmd_0/axaddr_wrap_reg[8]/C
                               i_ps/system_i/system_i/xadc/inst/AXI_LITE_IPIF_I/I_SLAVE_ATTACHMENT/I_DECODER/GEN_BKEND_CE_REGISTERS[20].ce_out_i_reg[20]/D
                                                              -0.366        
i_ps/system_i/system_i/axi_protocol_converter_0/inst/gen_axilite.gen_b2s_conv.axilite_b2s/RD.ar_channel_0/cmd_translator_0/wrap_cmd_0/axaddr_wrap_reg[8]/C
                               i_ps/system_i/system_i/xadc/inst/AXI_LITE_IPIF_I/I_SLAVE_ATTACHMENT/I_DECODER/GEN_BKEND_CE_REGISTERS[13].ce_out_i_reg[13]/D
                                                              -0.365        
i_ps/system_i/system_i/axi_protocol_converter_0/inst/gen_axilite.gen_b2s_conv.axilite_b2s/RD.ar_channel_0/cmd_translator_0/wrap_cmd_0/axaddr_wrap_reg[8]/C
                               i_ps/system_i/system_i/xadc/inst/AXI_LITE_IPIF_I/I_SLAVE_ATTACHMENT/I_DECODER/GEN_BKEND_CE_REGISTERS[17].ce_out_i_reg[17]/D
                                                              -0.361        
i_ps/system_i/system_i/axi_protocol_converter_0/inst/gen_axilite.gen_b2s_conv.axilite_b2s/RD.ar_channel_0/cmd_translator_0/wrap_cmd_0/axaddr_wrap_reg[8]/C
                               i_ps/system_i/system_i/xadc/inst/AXI_LITE_IPIF_I/I_SLAVE_ATTACHMENT/I_DECODER/GEN_BKEND_CE_REGISTERS[14].ce_out_i_reg[14]/D
                                                              -0.358        
i_ps/system_i/system_i/axi_protocol_converter_0/inst/gen_axilite.gen_b2s_conv.axilite_b2s/RD.ar_channel_0/cmd_translator_0/wrap_cmd_0/axaddr_wrap_reg[8]/C
                               i_ps/system_i/system_i/xadc/inst/AXI_LITE_IPIF_I/I_SLAVE_ATTACHMENT/I_DECODER/GEN_BKEND_CE_REGISTERS[21].ce_out_i_reg[21]/D
                                                              -0.355        
i_ps/system_i/system_i/axi_protocol_converter_0/inst/gen_axilite.gen_b2s_conv.axilite_b2s/RD.ar_channel_0/cmd_translator_0/wrap_cmd_0/axaddr_wrap_reg[8]/C
                               i_ps/system_i/system_i/xadc/inst/AXI_LITE_IPIF_I/I_SLAVE_ATTACHMENT/I_DECODER/GEN_BKEND_CE_REGISTERS[9].ce_out_i_reg[9]/D
                                                              -0.354        
i_ps/system_i/system_i/axi_protocol_converter_0/inst/gen_axilite.gen_b2s_conv.axilite_b2s/RD.ar_channel_0/ar_cmd_fsm_0/state_reg[0]/C
                               i_ps/system_i/system_i/axi_protocol_converter_0/inst/gen_axilite.gen_b2s_conv.axilite_b2s/RD.ar_channel_0/cmd_translator_0/wrap_cmd_0/wrap_cnt_r_reg[2]/D
                                                              -0.346        
pwm[3]/vcnt_r_reg[1]/C         pwm[3]/pwm_o_reg/D             -0.346        
i_ps/system_i/system_i/xadc/inst/INTR_CTRLR_GEN_I.ip2bus_wrack_reg/C
                               i_ps/system_i/system_i/axi_protocol_converter_0/inst/gen_axilite.gen_b2s_conv.axilite_b2s/WR.aw_channel_0/cmd_translator_0/incr_cmd_0/axaddr_incr_reg[3]/D
                                                              -0.341        
i_ps/system_i/system_i/axi_protocol_converter_0/inst/gen_axilite.gen_b2s_conv.axilite_b2s/WR.aw_channel_0/cmd_translator_0/s_axburst_eq1_reg/C
                               i_ps/system_i/system_i/axi_protocol_converter_0/inst/gen_axilite.gen_b2s_conv.axilite_b2s/WR.aw_channel_0/s_awid_r_reg[10]/CE
                                                              -0.330        
i_ps/system_i/system_i/axi_protocol_converter_0/inst/gen_axilite.gen_b2s_conv.axilite_b2s/WR.aw_channel_0/cmd_translator_0/s_axburst_eq1_reg/C
                               i_ps/system_i/system_i/axi_protocol_converter_0/inst/gen_axilite.gen_b2s_conv.axilite_b2s/WR.aw_channel_0/s_awid_r_reg[11]/CE
                                                              -0.330        
i_ps/system_i/system_i/axi_protocol_converter_0/inst/gen_axilite.gen_b2s_conv.axilite_b2s/WR.aw_channel_0/cmd_translator_0/s_axburst_eq1_reg/C
                               i_ps/system_i/system_i/axi_protocol_converter_0/inst/gen_axilite.gen_b2s_conv.axilite_b2s/WR.aw_channel_0/s_awid_r_reg[7]/CE
                                                              -0.330        
i_ps/system_i/system_i/axi_protocol_converter_0/inst/gen_axilite.gen_b2s_conv.axilite_b2s/WR.aw_channel_0/cmd_translator_0/s_axburst_eq1_reg/C
                               i_ps/system_i/system_i/axi_protocol_converter_0/inst/gen_axilite.gen_b2s_conv.axilite_b2s/WR.aw_channel_0/s_awid_r_reg[8]/CE
                                                              -0.330        
i_ps/system_i/system_i/axi_protocol_converter_0/inst/gen_axilite.gen_b2s_conv.axilite_b2s/WR.aw_channel_0/cmd_translator_0/s_axburst_eq1_reg/C
                               i_ps/system_i/system_i/axi_protocol_converter_0/inst/gen_axilite.gen_b2s_conv.axilite_b2s/WR.aw_channel_0/s_awid_r_reg[9]/CE
                                                              -0.330        
i_ps/system_i/system_i/axi_protocol_converter_0/inst/gen_axilite.gen_b2s_conv.axilite_b2s/RD.ar_channel_0/ar_cmd_fsm_0/state_reg[0]/C
                               i_ps/system_i/system_i/axi_protocol_converter_0/inst/gen_axilite.gen_b2s_conv.axilite_b2s/RD.ar_channel_0/cmd_translator_0/wrap_cmd_0/wrap_cnt_r_reg[3]/D
                                                              -0.328        
i_ps/system_i/system_i/axi_protocol_converter_0/inst/gen_axilite.gen_b2s_conv.axilite_b2s/RD.ar_channel_0/cmd_translator_0/wrap_cmd_0/axaddr_wrap_reg[8]/C
                               i_ps/system_i/system_i/xadc/inst/AXI_LITE_IPIF_I/I_SLAVE_ATTACHMENT/I_DECODER/GEN_BKEND_CE_REGISTERS[19].ce_out_i_reg[19]/D
                                                              -0.317        
i_ps/system_i/system_i/axi_protocol_converter_0/inst/gen_axilite.gen_b2s_conv.axilite_b2s/SI_REG/ar_pipe/m_payload_i_reg[5]/C
                               i_ps/system_i/system_i/xadc/inst/AXI_XADC_CORE_I/XADC_INST/DADDR[3]
                                                              -0.289        
i_ps/system_i/system_i/xadc/inst/INTR_CTRLR_GEN_I.ip2bus_wrack_reg/C
                               i_ps/system_i/system_i/axi_protocol_converter_0/inst/gen_axilite.gen_b2s_conv.axilite_b2s/WR.aw_channel_0/cmd_translator_0/incr_cmd_0/axaddr_incr_reg[2]/D
                                                              -0.281        
i_ps/system_i/system_i/axi_protocol_converter_0/inst/gen_axilite.gen_b2s_conv.axilite_b2s/WR.aw_channel_0/cmd_translator_0/s_axburst_eq1_reg/C
                               i_ps/system_i/system_i/axi_protocol_converter_0/inst/gen_axilite.gen_b2s_conv.axilite_b2s/WR.aw_channel_0/s_awid_r_reg[3]/CE
                                                              -0.271        
i_ps/system_i/system_i/axi_protocol_converter_0/inst/gen_axilite.gen_b2s_conv.axilite_b2s/WR.aw_channel_0/cmd_translator_0/s_axburst_eq1_reg/C
                               i_ps/system_i/system_i/axi_protocol_converter_0/inst/gen_axilite.gen_b2s_conv.axilite_b2s/WR.aw_channel_0/s_awid_r_reg[5]/CE
                                                              -0.271        
i_ps/system_i/system_i/axi_protocol_converter_0/inst/gen_axilite.gen_b2s_conv.axilite_b2s/WR.aw_channel_0/cmd_translator_0/s_axburst_eq1_reg/C
                               i_ps/system_i/system_i/axi_protocol_converter_0/inst/gen_axilite.gen_b2s_conv.axilite_b2s/WR.aw_channel_0/s_awid_r_reg[6]/CE
                                                              -0.271        
i_ps/system_i/system_i/axi_protocol_converter_0/inst/gen_axilite.gen_b2s_conv.axilite_b2s/WR.aw_channel_0/cmd_translator_0/s_axburst_eq1_reg/C
                               i_ps/system_i/system_i/axi_protocol_converter_0/inst/gen_axilite.gen_b2s_conv.axilite_b2s/WR.aw_channel_0/s_awlen_r_reg[1]/CE
                                                              -0.271        
pwm[2]/v_r_reg[2]/C            pwm[2]/pwm_o_reg/D             -0.255        
i_ps/system_i/system_i/axi_protocol_converter_0/inst/gen_axilite.gen_b2s_conv.axilite_b2s/RD.r_channel_0/rd_data_fifo_0/cnt_read_reg[4]_rep__2/C
                               i_ps/system_i/system_i/xadc/inst/INTR_CTRLR_GEN_I.ip2bus_data_int_reg[20]/CE
                                                              -0.243        
i_ps/system_i/system_i/axi_protocol_converter_0/inst/gen_axilite.gen_b2s_conv.axilite_b2s/RD.r_channel_0/rd_data_fifo_0/cnt_read_reg[4]_rep__2/C
                               i_ps/system_i/system_i/xadc/inst/INTR_CTRLR_GEN_I.ip2bus_data_int_reg[26]/CE
                                                              -0.243        
i_ps/system_i/system_i/axi_protocol_converter_0/inst/gen_axilite.gen_b2s_conv.axilite_b2s/RD.r_channel_0/rd_data_fifo_0/cnt_read_reg[4]_rep__2/C
                               i_ps/system_i/system_i/xadc/inst/INTR_CTRLR_GEN_I.ip2bus_data_int_reg[27]/CE
                                                              -0.243        
i_ps/system_i/system_i/axi_protocol_converter_0/inst/gen_axilite.gen_b2s_conv.axilite_b2s/RD.r_channel_0/rd_data_fifo_0/cnt_read_reg[4]_rep__2/C
                               i_ps/system_i/system_i/xadc/inst/INTR_CTRLR_GEN_I.ip2bus_data_int_reg[29]/CE
                                                              -0.243        
pwm[1]/v_r_reg[0]/C            pwm[1]/pwm_o_reg/D             -0.243        
i_ps/system_i/system_i/axi_protocol_converter_0/inst/gen_axilite.gen_b2s_conv.axilite_b2s/RD.ar_channel_0/cmd_translator_0/wrap_cmd_0/axaddr_wrap_reg[8]/C
                               i_ps/system_i/system_i/xadc/inst/AXI_LITE_IPIF_I/I_SLAVE_ATTACHMENT/I_DECODER/GEN_BKEND_CE_REGISTERS[8].ce_out_i_reg[8]/D
                                                              -0.234        
i_ps/system_i/system_i/axi_protocol_converter_0/inst/gen_axilite.gen_b2s_conv.axilite_b2s/RD.ar_channel_0/cmd_translator_0/wrap_cmd_0/axaddr_wrap_reg[8]/C
                               i_ps/system_i/system_i/xadc/inst/AXI_LITE_IPIF_I/I_SLAVE_ATTACHMENT/I_DECODER/GEN_BKEND_CE_REGISTERS[12].ce_out_i_reg[12]/D
                                                              -0.229        
i_ps/system_i/system_i/axi_protocol_converter_0/inst/gen_axilite.gen_b2s_conv.axilite_b2s/RD.r_channel_0/transaction_fifo_0/cnt_read_reg[1]_rep__0/C
                               i_ps/system_i/system_i/axi_protocol_converter_0/inst/gen_axilite.gen_b2s_conv.axilite_b2s/RD.ar_channel_0/s_arid_r_reg[3]/CE
                                                              -0.217        
i_ps/system_i/system_i/axi_protocol_converter_0/inst/gen_axilite.gen_b2s_conv.axilite_b2s/RD.r_channel_0/transaction_fifo_0/cnt_read_reg[1]_rep__0/C
                               i_ps/system_i/system_i/axi_protocol_converter_0/inst/gen_axilite.gen_b2s_conv.axilite_b2s/RD.ar_channel_0/s_arid_r_reg[6]/CE
                                                              -0.217        
i_ps/system_i/system_i/axi_protocol_converter_0/inst/gen_axilite.gen_b2s_conv.axilite_b2s/WR.aw_channel_0/aw_cmd_fsm_0/state_reg[0]/C
                               i_ps/system_i/system_i/axi_protocol_converter_0/inst/gen_axilite.gen_b2s_conv.axilite_b2s/WR.aw_channel_0/cmd_translator_0/wrap_cmd_0/wrap_cnt_r_reg[1]/D
                                                              -0.201        
i_ps/system_i/system_i/axi_protocol_converter_0/inst/gen_axilite.gen_b2s_conv.axilite_b2s/RD.ar_channel_0/cmd_translator_0/wrap_cmd_0/axaddr_wrap_reg[8]/C
                               i_ps/system_i/system_i/xadc/inst/AXI_LITE_IPIF_I/I_SLAVE_ATTACHMENT/I_DECODER/GEN_BKEND_CE_REGISTERS[18].ce_out_i_reg[18]/D
                                                              -0.197        
i_ps/system_i/system_i/axi_protocol_converter_0/inst/gen_axilite.gen_b2s_conv.axilite_b2s/RD.ar_channel_0/cmd_translator_0/wrap_cmd_0/axaddr_wrap_reg[8]/C
                               i_ps/system_i/system_i/xadc/inst/AXI_LITE_IPIF_I/I_SLAVE_ATTACHMENT/I_DECODER/GEN_BKEND_CE_REGISTERS[23].ce_out_i_reg[23]/D
                                                              -0.191        
i_ps/system_i/system_i/axi_protocol_converter_0/inst/gen_axilite.gen_b2s_conv.axilite_b2s/RD.ar_channel_0/cmd_translator_0/wrap_cmd_0/axaddr_wrap_reg[8]/C
                               i_ps/system_i/system_i/xadc/inst/AXI_LITE_IPIF_I/I_SLAVE_ATTACHMENT/I_DECODER/GEN_BKEND_CE_REGISTERS[10].ce_out_i_reg[10]/D
                                                              -0.190        
i_ps/system_i/system_i/axi_protocol_converter_0/inst/gen_axilite.gen_b2s_conv.axilite_b2s/WR.aw_channel_0/cmd_translator_0/s_axburst_eq1_reg/C
                               i_ps/system_i/system_i/axi_protocol_converter_0/inst/gen_axilite.gen_b2s_conv.axilite_b2s/WR.aw_channel_0/s_awid_r_reg[0]/CE
                                                              -0.155        
pwm_rstn_reg/C                 pwm[2]/pwm_o_reg/R             0.052         
pwm_rstn_reg/C                 pwm[1]/pwm_o_reg/R             0.159         
i_ams/dac_a_o_reg[8]/C         pwm[0]/b_reg[8]/D              0.239         
pwm_rstn_reg/C                 pwm[3]/b_reg[1]/CE             0.295         
pwm_rstn_reg/C                 pwm[3]/b_reg[2]/CE             0.295         
pwm_rstn_reg/C                 pwm[3]/b_reg[3]/CE             0.295         
pwm[1]/vcnt_reg[2]/C           pwm[1]/b_reg[11]/CE            0.307         
pwm[1]/vcnt_reg[2]/C           pwm[1]/b_reg[12]/CE            0.307         
pwm[1]/vcnt_reg[2]/C           pwm[1]/b_reg[13]/CE            0.307         
pwm[1]/vcnt_reg[2]/C           pwm[1]/b_reg[5]/CE             0.307         
pwm[1]/vcnt_reg[2]/C           pwm[1]/b_reg[10]/CE            0.343         
pwm[1]/vcnt_reg[2]/C           pwm[1]/b_reg[9]/CE             0.343         
pwm_rstn_reg/C                 pwm[3]/vcnt_reg[0]/R           0.354         
pwm_rstn_reg/C                 pwm[3]/vcnt_reg[1]/R           0.354         
pwm_rstn_reg/C                 pwm[3]/vcnt_reg[2]/R           0.354         
pwm_rstn_reg/C                 pwm[3]/vcnt_reg[5]/R           0.354         
pwm_rstn_reg/C                 pwm[0]/pwm_o_reg/R             0.367         
pwm_rstn_reg/C                 pwm[3]/b_reg[10]/CE            0.371         
pwm_rstn_reg/C                 pwm[3]/b_reg[5]/CE             0.371         
pwm_rstn_reg/C                 pwm[3]/b_reg[6]/CE             0.371         
pwm_rstn_reg/C                 pwm[3]/b_reg[7]/CE             0.371         
pwm_rstn_reg/C                 pwm[3]/b_reg[13]/CE            0.399         
pwm_rstn_reg/C                 pwm[3]/b_reg[4]/CE             0.399         
pwm_rstn_reg/C                 pwm[3]/b_reg[11]/CE            0.407         
pwm_rstn_reg/C                 pwm[3]/b_reg[12]/CE            0.407         
pwm_rstn_reg/C                 pwm[3]/b_reg[8]/CE             0.407         
pwm_rstn_reg/C                 pwm[3]/b_reg[9]/CE             0.407         
pwm_rstn_reg/C                 pwm[3]/vcnt_reg[3]/R           0.441         
pwm_rstn_reg/C                 pwm[3]/vcnt_reg[4]/R           0.441         
pwm_rstn_reg/C                 pwm[3]/vcnt_reg[6]/R           0.441         
pwm_rstn_reg/C                 pwm[3]/vcnt_reg[7]/R           0.441         
pwm[1]/vcnt_reg[2]/C           pwm[1]/b_reg[0]/CE             0.451         
pwm[1]/vcnt_reg[2]/C           pwm[1]/b_reg[14]/CE            0.451         
pwm[1]/vcnt_reg[2]/C           pwm[1]/b_reg[1]/CE             0.451         
pwm[1]/vcnt_reg[2]/C           pwm[1]/b_reg[2]/CE             0.451         
pwm[1]/vcnt_reg[2]/C           pwm[1]/b_reg[3]/CE             0.451         
dac_rst_reg/C                  oddr_dac_dat[13]/R             0.462         
pwm[1]/vcnt_reg[2]/C           pwm[1]/bcnt_reg[2]/CE          0.464         
pwm[1]/vcnt_reg[2]/C           pwm[1]/bcnt_reg[3]/CE          0.464         
pwm[0]/vcnt_reg[0]/C           pwm[0]/b_reg[4]/CE             0.467         
pwm[0]/vcnt_reg[0]/C           pwm[0]/b_reg[5]/CE             0.467         
pwm[0]/vcnt_reg[0]/C           pwm[0]/b_reg[6]/CE             0.467         
pwm[0]/vcnt_reg[0]/C           pwm[0]/b_reg[7]/CE             0.467         
pwm[0]/vcnt_reg[0]/C           pwm[0]/b_reg[8]/CE             0.467         
pwm_rstn_reg/C                 pwm[3]/pwm_o_reg/R             0.492         
pwm[2]/vcnt_reg[2]/C           pwm[2]/b_reg[10]/CE            0.493         
pwm[2]/vcnt_reg[2]/C           pwm[2]/b_reg[1]/CE             0.493         
pwm[2]/vcnt_reg[2]/C           pwm[2]/b_reg[2]/CE             0.493         
pwm[2]/vcnt_reg[2]/C           pwm[2]/b_reg[3]/CE             0.493         
pwm[1]/vcnt_reg[2]/C           pwm[1]/b_reg[6]/CE             0.494         
pwm[1]/vcnt_reg[2]/C           pwm[1]/b_reg[7]/CE             0.494         
pwm[1]/vcnt_reg[2]/C           pwm[1]/b_reg[8]/CE             0.494         
pwm[0]/bcnt_reg[3]/C           pwm[0]/v_reg[0]/CE             0.495         
pwm[0]/bcnt_reg[3]/C           pwm[0]/v_reg[1]/CE             0.495         
pwm[0]/bcnt_reg[3]/C           pwm[0]/v_reg[2]/CE             0.495         
pwm[0]/bcnt_reg[3]/C           pwm[0]/v_reg[3]/CE             0.495         
pwm[0]/bcnt_reg[3]/C           pwm[0]/v_reg[4]/CE             0.495         
pwm[0]/bcnt_reg[3]/C           pwm[0]/v_reg[5]/CE             0.495         
pwm[0]/bcnt_reg[3]/C           pwm[0]/v_reg[6]/CE             0.495         
pwm[0]/bcnt_reg[3]/C           pwm[0]/v_reg[7]/CE             0.495         
pwm_rstn_reg/C                 pwm[3]/v_reg[2]/CE             0.504         
pwm_rstn_reg/C                 pwm[3]/v_reg[4]/CE             0.504         
pwm_rstn_reg/C                 pwm[3]/v_reg[6]/CE             0.504         
dac_rst_reg/C                  oddr_dac_dat[5]/R              0.511         
pwm_rstn_reg/C                 pwm[3]/b_reg[14]/CE            0.522         
dac_rst_reg/C                  oddr_dac_dat[3]/R              0.523         
pwm_rstn_reg/C                 pwm[3]/v_reg[0]/CE             0.524         
pwm_rstn_reg/C                 pwm[3]/v_reg[1]/CE             0.524         
pwm_rstn_reg/C                 pwm[3]/v_reg[3]/CE             0.524         
pwm_rstn_reg/C                 pwm[3]/v_reg[7]/CE             0.524         
pwm_rstn_reg/C                 pwm[3]/b_reg[0]/CE             0.525         
pwm_rstn_reg/C                 pwm[3]/v_reg[5]/CE             0.540         
pwm_rstn_reg/C                 pwm[3]/b_reg[15]/CE            0.552         
dac_rst_reg/C                  oddr_dac_dat[2]/R              0.556         
pwm[2]/v_reg[0]/C              pwm[2]/v_r_reg[7]/D            0.567         
pwm[0]/vcnt_reg[0]/C           pwm[0]/b_reg[13]/CE            0.578         
pwm[0]/vcnt_reg[0]/C           pwm[0]/b_reg[14]/CE            0.578         
pwm[0]/vcnt_reg[0]/C           pwm[0]/b_reg[3]/CE             0.578         
pwm_rstn_reg/C                 pwm[1]/bcnt_reg[0]/R           0.594         
pwm_rstn_reg/C                 pwm[1]/bcnt_reg[1]/R           0.594         
dac_rst_reg/C                  oddr_dac_dat[12]/R             0.600         
pwm[0]/vcnt_reg[0]/C           pwm[0]/b_reg[10]/CE            0.616         
pwm[0]/vcnt_reg[0]/C           pwm[0]/b_reg[9]/CE             0.616         
pwm[2]/v_reg[0]/C              pwm[2]/v_r_reg[8]/D            0.616         
pwm[1]/bcnt_reg[1]/C           pwm[1]/v_reg[0]/CE             0.619         
pwm[1]/bcnt_reg[1]/C           pwm[1]/v_reg[1]/CE             0.619         
pwm[0]/vcnt_reg[0]/C           pwm[0]/b_reg[11]/CE            0.628         
pwm[0]/vcnt_reg[0]/C           pwm[0]/b_reg[12]/CE            0.628         
pwm[0]/vcnt_reg[0]/C           pwm[0]/b_reg[2]/CE             0.628         
pwm_rstn_reg/C                 pwm[1]/bcnt_reg[2]/R           0.629         
pwm_rstn_reg/C                 pwm[1]/bcnt_reg[3]/R           0.629         
dac_rst_reg/C                  oddr_dac_dat[9]/R              0.637         
dac_rst_reg/C                  oddr_dac_dat[0]/R              0.651         
dac_rst_reg/C                  oddr_dac_dat[4]/R              0.658         
i_ams/dac_a_o_reg[14]/C        pwm[0]/b_reg[14]/D             0.667         
pwm[2]/v_reg[1]/C              pwm[2]/v_r_reg[4]/D            0.672         
pwm[2]/vcnt_reg[2]/C           pwm[2]/b_reg[7]/CE             0.673         
pwm[2]/vcnt_reg[2]/C           pwm[2]/b_reg[8]/CE             0.673         
pwm[2]/vcnt_reg[2]/C           pwm[2]/b_reg[9]/CE             0.673         
pwm[1]/vcnt_reg[2]/C           pwm[1]/b_reg[4]/CE             0.678         
dac_rst_reg/C                  oddr_dac_dat[8]/R              0.686         
pwm_rstn_reg/C                 pwm[0]/vcnt_reg[1]/R           0.687         
pwm_rstn_reg/C                 pwm[0]/vcnt_reg[2]/R           0.687         
pwm_rstn_reg/C                 pwm[0]/vcnt_reg[6]/R           0.687         
pwm_rstn_reg/C                 pwm[0]/vcnt_reg[7]/R           0.687         
dac_rst_reg/C                  oddr_dac_dat[1]/R              0.790         
dac_rst_reg/C                  oddr_dac_dat[10]/R             0.824         
dac_rst_reg/C                  oddr_dac_dat[11]/R             0.963         
dac_rst_reg/C                  oddr_dac_dat[7]/R              0.973         
dac_rst_reg/C                  oddr_dac_sel/R                 1.130         
dac_rst_reg/C                  oddr_dac_dat[6]/R              1.222         
dac_dat_a_reg[5]/C             oddr_dac_dat[5]/D2             1.693         
dac_dat_a_reg[4]/C             oddr_dac_dat[4]/D2             1.751         
dac_dat_a_reg[3]/C             oddr_dac_dat[3]/D2             1.776         
dac_dat_a_reg[2]/C             oddr_dac_dat[2]/D2             1.794         
dac_dat_a_reg[0]/C             oddr_dac_dat[0]/D2             1.904         
dac_dat_a_reg[1]/C             oddr_dac_dat[1]/D2             1.904         
dac_dat_a_reg[7]/C             oddr_dac_dat[7]/D2             1.906         
dac_rst_reg/C                  oddr_dac_rst/D2                1.944         
dac_dat_a_reg[10]/C            oddr_dac_dat[10]/D2            1.996         
dac_dat_a_reg[8]/C             oddr_dac_dat[8]/D2             2.000         
dac_dat_a_reg[6]/C             oddr_dac_dat[6]/D2             2.001         
dac_dat_a_reg[12]/C            oddr_dac_dat[12]/D2            2.037         
dac_dat_a_reg[11]/C            oddr_dac_dat[11]/D2            2.043         
dac_dat_a_reg[13]/C            oddr_dac_dat[13]/D2            2.053         
dac_dat_a_reg[9]/C             oddr_dac_dat[9]/D2             2.127         
i_dsp/sum2_reg[13]/C           dac_dat_b_reg[5]/D             3.238         
i_dsp/sum2_reg[13]/C           dac_dat_b_reg[3]/D             3.239         
i_dsp/sum1_reg[1]/C            dac_dat_a_reg[1]/D             3.294         
i_dsp/sum1_reg[13]/C           dac_dat_a_reg[0]/D             3.432         
i_dsp/sum1_reg[14]/C           dac_dat_a_reg[9]/D             3.545         
i_dsp/sum2_reg[17]/C           dac_dat_b_reg[0]/D             3.588         
i_dsp/sum1_reg[17]/C           dac_dat_a_reg[13]/D            3.589         
i_dsp/sum2_reg[13]/C           dac_dat_b_reg[12]/D            3.589         
i_dsp/sum1_reg[16]/C           dac_dat_a_reg[11]/D            3.637         
i_dsp/sum2_reg[17]/C           dac_dat_b_reg[13]/D            3.649         
i_dsp/sum2_reg[2]/C            dac_dat_b_reg[2]/D             3.681         
i_dsp/sum1_reg[14]/C           dac_dat_a_reg[5]/D             3.761         
i_dsp/sum1_reg[17]/C           dac_dat_a_reg[3]/D             3.811         
i_dsp/sum1_reg[14]/C           dac_dat_a_reg[8]/D             3.823         
i_dsp/sum2_reg[14]/C           dac_dat_b_reg[10]/D            3.839         
i_dsp/sum1_reg[14]/C           dac_dat_a_reg[7]/D             3.893         
i_dsp/sum2_reg[14]/C           dac_dat_b_reg[6]/D             3.905         
i_dsp/sum1_reg[6]/C            dac_dat_a_reg[6]/D             3.937         
i_dsp/sum1_reg[14]/C           dac_dat_a_reg[12]/D            3.938         
i_dsp/sum1_reg[14]/C           dac_dat_a_reg[4]/D             3.942         
i_dsp/sum2_reg[13]/C           dac_dat_b_reg[7]/D             3.953         
i_dsp/sum1_reg[14]/C           dac_dat_a_reg[2]/D             3.975         
i_dsp/sum2_reg[14]/C           dac_dat_b_reg[8]/D             4.006         
i_dsp/sum2_reg[13]/C           dac_dat_b_reg[1]/D             4.117         
i_dsp/sum2_reg[13]/C           dac_dat_b_reg[4]/D             4.242         
i_dsp/sum1_reg[15]/C           dac_dat_a_reg[10]/D            4.329         
i_dsp/sum2_reg[14]/C           dac_dat_b_reg[11]/D            4.448         
i_dsp/sum2_reg[15]/C           dac_dat_b_reg[9]/D             4.491         
dac_dat_b_reg[4]/C             oddr_dac_dat[4]/D1             5.674         
dac_dat_b_reg[5]/C             oddr_dac_dat[5]/D1             5.682         
dac_dat_b_reg[10]/C            oddr_dac_dat[10]/D1            5.690         
dac_dat_b_reg[3]/C             oddr_dac_dat[3]/D1             5.774         
dac_rst_reg/C                  oddr_dac_rst/D1                5.805         
dac_dat_b_reg[7]/C             oddr_dac_dat[7]/D1             5.839         
dac_dat_b_reg[11]/C            oddr_dac_dat[11]/D1            5.855         
dac_dat_b_reg[2]/C             oddr_dac_dat[2]/D1             5.874         
dac_dat_b_reg[13]/C            oddr_dac_dat[13]/D1            5.901         
dac_dat_b_reg[12]/C            oddr_dac_dat[12]/D1            5.916         
dac_dat_b_reg[6]/C             oddr_dac_dat[6]/D1             5.939         
dac_dat_b_reg[1]/C             oddr_dac_dat[1]/D1             5.981         
dac_dat_b_reg[9]/C             oddr_dac_dat[9]/D1             5.994         
dac_dat_b_reg[0]/C             oddr_dac_dat[0]/D1             6.023         
dac_dat_b_reg[8]/C             oddr_dac_dat[8]/D1             6.054         



